<?xml version="1.0" encoding="UTF-8"?>
<testsuites name="RequestDemo" time="30.25" tests="1" failures="0" errors="0">
   <testsuite name="RequestDemo" tests="1" failures="0" errors="0" time="30.25" timestamp="2020-08-27 07:56:00" hostname="Donii - LAPTOP-OOE60HNH.lan" id="Test Suites/Request Demo/RequestDemo">
      <properties>
         <property name="deviceName" value=""/>
         <property name="devicePlatform" value=""/>
         <property name="logFolder" value="C:\\Arief\\Katalon\\Sprint 2\\MileApp\\Reports\\20200827_075557\\Request Demo\\RequestDemo\\20200827_075557"/>
         <property name="logFiles" value="C:\\Arief\\Katalon\\Sprint 2\\MileApp\\Reports\\20200827_075557\\Request Demo\\RequestDemo\\20200827_075557\\execution0.log"/>
         <property name="attachments" value=""/>
         <property name="hostName" value="Donii - LAPTOP-OOE60HNH.lan"/>
         <property name="os" value="Windows 10 64bit"/>
         <property name="katalonVersion" value="7.5.5.1"/>
         <property name="browser" value="Chrome 84.0.4147.135"/>
         <property name="hostAddress" value="192.168.8.188"/>
         <property name="sessionId" value="f47814f78f41ad84446972344f4718a9"/>
         <property name="seleniumVersion" value="3.141.59"/>
         <property name="proxyInformation" value="ProxyInformation { proxyOption=NO_PROXY, proxyServerType=HTTP, username=, password=********, proxyServerAddress=, proxyServerPort=0, executionList=\&quot;\&quot;, isApplyToDesiredCapabilities=true }"/>
         <property name="platform" value="Windows 10"/>
      </properties>
      <testcase name="Test Cases/Request Demo/RequestDemo" time="29.163" classname="Test Cases/Request Demo/RequestDemo" status="PASSED">
         <system-out><![CDATA[2020-08-27 07:56:00 - [TEST_CASE][PASSED] - Test Cases/Request Demo/RequestDemo: Test Cases/Request Demo/RequestDemo

2020-08-27 07:56:01 - [TEST_STEP][PASSED] - runFeatureFile("./Include/features/RequestDemo/requestDemo.feature"): Feature file: './Include/features/RequestDemo/requestDemo.feature' was passed

2020-08-27 07:56:01 - [MESSAGE][INFO] - Starting run keyword runFeatureFile: './Include/features/RequestDemo/requestDemo.feature' and extract report to folder: 'C:\Arief\Katalon\Sprint 2\MileApp\Reports\20200827_075557\Request Demo\RequestDemo\20200827_075557/cucumber_report/1598489761396'...

2020-08-27 07:56:02 - [TEST_CASE][PASSED] - Start Test Case : SCENARIO requestDemo: SCENARIO requestDemo

2020-08-27 07:56:02 - [TEST_STEP][PASSED] - request demo page: request demo page

2020-08-27 07:56:02 - [MESSAGE][INFO] - Starting 'Chrome' driver

2020-08-27 07:56:02 - [MESSAGE][INFO] - Action delay is set to 0 milliseconds

2020-08-27 07:56:07 - [MESSAGE][PASSED] - Browser is opened with url: ''

2020-08-27 07:56:10 - [MESSAGE][PASSED] - Navigate to 'https://dev.mile.app/request-demo' successfully

2020-08-27 07:56:10 - [MESSAGE][PASSED] - request demo page

2020-08-27 07:56:10 - [TEST_STEP][PASSED] - user input full name: user input full name

2020-08-27 07:56:11 - [MESSAGE][PASSED] - Text 'Arief Rahman Hakim' is set on object 'Object Repository/Request Demo/input_Full_name'

2020-08-27 07:56:14 - [MESSAGE][PASSED] - Delayed 3 second(s)

2020-08-27 07:56:14 - [MESSAGE][PASSED] - user input full name

2020-08-27 07:56:14 - [TEST_STEP][PASSED] - user input email: user input email

2020-08-27 07:56:15 - [MESSAGE][PASSED] - Text 'ariefrahmanhakim0104@gmail.com' is set on object 'Object Repository/Request Demo/input_Email'

2020-08-27 07:56:18 - [MESSAGE][PASSED] - Delayed 3 second(s)

2020-08-27 07:56:18 - [MESSAGE][PASSED] - user input email

2020-08-27 07:56:18 - [TEST_STEP][PASSED] - user input phone number: user input phone number

2020-08-27 07:56:19 - [MESSAGE][PASSED] - Text '081292529514' is set on object 'Object Repository/Request Demo/input_Phone_number'

2020-08-27 07:56:22 - [MESSAGE][PASSED] - Delayed 3 second(s)

2020-08-27 07:56:22 - [MESSAGE][PASSED] - user input phone number

2020-08-27 07:56:22 - [TEST_STEP][PASSED] - user input company name: user input company name

2020-08-27 07:56:23 - [MESSAGE][PASSED] - Text 'gunadarma' is set on object 'Object Repository/Request Demo/input_Company_name'

2020-08-27 07:56:26 - [MESSAGE][PASSED] - Delayed 3 second(s)

2020-08-27 07:56:26 - [MESSAGE][PASSED] - user input company name

2020-08-27 07:56:26 - [TEST_STEP][PASSED] - user klik request demo: user klik request demo

2020-08-27 07:56:26 - [MESSAGE][PASSED] - Object: 'Object Repository/Request Demo/button_Request_Demo' is clicked on

2020-08-27 07:56:29 - [MESSAGE][PASSED] - Delayed 3 second(s)

2020-08-27 07:56:29 - [MESSAGE][PASSED] - user klik request demo

2020-08-27 07:56:29 - [MESSAGE][PASSED] - Feature file: './Include/features/RequestDemo/requestDemo.feature' was passed]]></system-out>
         <system-err><![CDATA[]]></system-err>
      </testcase>
      <system-out><![CDATA[2020-08-27 07:56:00 - [TEST_SUITE][PASSED] - RequestDemo: Test Cases/Request Demo/RequestDemo]]></system-out>
      <system-err><![CDATA[]]></system-err>
   </testsuite>
</testsuites>
