<?xml version="1.0" encoding="UTF-8"?>
<testsuites name="rctiPlusLogin" time="33.696" tests="1" failures="0" skips="0" errors="0">
   <testsuite name="rctiPlusLogin" tests="1" failures="0" errors="0" time="33.696" skips="0" timestamp="2021-04-28 12:49:05" hostname="arief.hakim - MNCTVN05589.mncgroup.com" id="Test Suites/Request Demo/rctiPlusLogin">
      <properties>
         <property name="deviceName" value=""/>
         <property name="devicePlatform" value=""/>
         <property name="logFolder" value="C:\\Users\\arief.hakim\\git\\katalon-web-automation\\Reports\\20210428_124900\\Request Demo\\rctiPlusLogin\\20210428_124901"/>
         <property name="logFiles" value="C:\\Users\\arief.hakim\\git\\katalon-web-automation\\Reports\\20210428_124900\\Request Demo\\rctiPlusLogin\\20210428_124901\\execution0.log"/>
         <property name="attachments" value=""/>
         <property name="hostName" value="arief.hakim - MNCTVN05589.mncgroup.com"/>
         <property name="os" value="Windows 10 64bit"/>
         <property name="katalonVersion" value="7.8.0.208"/>
         <property name="browser" value="Chrome 87.0.4280.66"/>
         <property name="hostAddress" value="172.20.10.4"/>
         <property name="sessionId" value="38f49812e6358f362150fa1363f8cedf"/>
         <property name="seleniumVersion" value="3.141.59"/>
         <property name="proxyInformation" value="ProxyInformation { proxyOption=NO_PROXY, proxyServerType=HTTP, username=, password=********, proxyServerAddress=, proxyServerPort=0, executionList=&quot;&quot;, isApplyToDesiredCapabilities=true }"/>
         <property name="platform" value="Windows 10"/>
      </properties>
      <testcase name="Test Cases/Request Demo/LoginRCTI" time="30.537" classname="Test Cases/Request Demo/LoginRCTI" status="PASSED">
         <system-out><![CDATA[2021-04-28 12:49:07 - [TEST_CASE][PASSED] - Test Cases/Request Demo/LoginRCTI: Test Cases/Request Demo/LoginRCTI

2021-04-28 12:49:08 - [TEST_STEP][PASSED] - runFeatureFile("./Include/features/RequestDemo/rctiPlusLogin.feature"): Feature file: './Include/features/RequestDemo/rctiPlusLogin.feature' was passed

2021-04-28 12:49:08 - [MESSAGE][INFO] - Starting run keyword runFeatureFile: './Include/features/RequestDemo/rctiPlusLogin.feature' and extract report to folder: 'C:\Users\arief.hakim\git\katalon-web-automation\Reports\20210428_124900\Request Demo\rctiPlusLogin\20210428_124901/cucumber_report/1619588948405'...

2021-04-28 12:49:09 - [TEST_CASE][PASSED] - Start Test Case : SCENARIO loginRCTI: SCENARIO loginRCTI

2021-04-28 12:49:09 - [TEST_STEP][PASSED] - login page rcti: login page rcti

2021-04-28 12:49:09 - [MESSAGE][INFO] - Starting 'Chrome' driver

2021-04-28 12:49:09 - [MESSAGE][INFO] - Action delay is set to 0 milliseconds

2021-04-28 12:49:14 - [MESSAGE][PASSED] - Browser is opened with url: ''

2021-04-28 12:49:20 - [MESSAGE][PASSED] - Navigate to 'https://rc-webd.rctiplus.com/login' successfully

2021-04-28 12:49:20 - [MESSAGE][PASSED] - login page rcti

2021-04-28 12:49:20 - [TEST_STEP][PASSED] - user input username: user input username

2021-04-28 12:49:21 - [MESSAGE][PASSED] - Text 'qa_test@mailinator.com' is set on object 'Object Repository/Page Login RCTI/inputUsername'

2021-04-28 12:49:24 - [MESSAGE][PASSED] - Delayed 3 second(s)

2021-04-28 12:49:24 - [MESSAGE][PASSED] - user input username

2021-04-28 12:49:24 - [TEST_STEP][PASSED] - user input password: user input password

2021-04-28 12:49:25 - [MESSAGE][PASSED] - Text 'dikakoko' is set on object 'Object Repository/Page Login RCTI/inputPassword'

2021-04-28 12:49:28 - [MESSAGE][PASSED] - Delayed 3 second(s)

2021-04-28 12:49:28 - [MESSAGE][PASSED] - user input password

2021-04-28 12:49:28 - [TEST_STEP][PASSED] - user klik login: user klik login

2021-04-28 12:49:35 - [MESSAGE][PASSED] - Object: 'Object Repository/Page Login RCTI/buttonLogin' is clicked on

2021-04-28 12:49:38 - [MESSAGE][PASSED] - Delayed 3 second(s)

2021-04-28 12:49:38 - [MESSAGE][PASSED] - user klik login

2021-04-28 12:49:38 - [MESSAGE][PASSED] - Feature file: './Include/features/RequestDemo/rctiPlusLogin.feature' was passed]]></system-out>
         <system-err><![CDATA[]]></system-err>
      </testcase>
      <system-out><![CDATA[2021-04-28 12:49:05 - [TEST_SUITE][PASSED] - rctiPlusLogin: Test Cases/Request Demo/LoginRCTI]]></system-out>
      <system-err><![CDATA[]]></system-err>
   </testsuite>
</testsuites>
